<?xml version="1.0" encoding="UTF-8"?>
<testng-results ignored="0" total="1" passed="1" failed="0" skipped="0">
  <reporter-output>
  </reporter-output>
  <suite started-at="2020-10-22T14:11:08Z" name="Test suite" finished-at="2020-10-22T14:11:22Z" duration-ms="14584">
    <groups>
    </groups>
    <test started-at="2020-10-22T14:11:08Z" name="First Test" finished-at="2020-10-22T14:11:22Z" duration-ms="14584">
      <class name="com.fdmgroup.seleniumdemo.test.TestCase2">
        <test-method is-config="true" signature="setUp()[pri:0, instance:com.fdmgroup.seleniumdemo.test.TestCase2@3c153a1]" started-at="2020-10-22T14:11:08Z" name="setUp" finished-at="2020-10-22T14:11:19Z" duration-ms="11399" status="PASS">
          <reporter-output>
          </reporter-output>
        </test-method> <!-- setUp -->
        <test-method signature="googleTitleTest(java.lang.String)[pri:0, instance:com.fdmgroup.seleniumdemo.test.TestCase2@3c153a1]" started-at="2020-10-22T14:11:19Z" name="googleTitleTest" finished-at="2020-10-22T14:11:21Z" duration-ms="2400" status="PASS">
          <params>
            <param index="0">
              <value>
                <![CDATA[https://www.google.com]]>
              </value>
            </param>
          </params>
          <reporter-output>
          </reporter-output>
        </test-method> <!-- googleTitleTest -->
        <test-method is-config="true" signature="tearDown()[pri:0, instance:com.fdmgroup.seleniumdemo.test.TestCase2@3c153a1]" started-at="2020-10-22T14:11:21Z" name="tearDown" finished-at="2020-10-22T14:11:22Z" duration-ms="734" status="PASS">
          <reporter-output>
          </reporter-output>
        </test-method> <!-- tearDown -->
      </class> <!-- com.fdmgroup.seleniumdemo.test.TestCase2 -->
    </test> <!-- First Test -->
  </suite> <!-- Test suite -->
</testng-results>
