<?xml version="1.0" encoding="UTF-8"?>
<testng-results skipped="0" failed="0" ignored="0" total="1" passed="1">
  <reporter-output>
  </reporter-output>
  <suite name="Test suite" duration-ms="12785" started-at="2020-10-22T02:59:13Z" finished-at="2020-10-22T02:59:25Z">
    <groups>
    </groups>
    <test name="First Test" duration-ms="12785" started-at="2020-10-22T02:59:13Z" finished-at="2020-10-22T02:59:25Z">
      <class name="com.fdmgroup.seleniumdemo.test.TestCase2">
        <test-method status="PASS" signature="setUp()[pri:0, instance:com.fdmgroup.seleniumdemo.test.TestCase2@50d0686]" name="setUp" is-config="true" duration-ms="9786" started-at="2020-10-22T02:59:13Z" finished-at="2020-10-22T02:59:22Z">
          <reporter-output>
          </reporter-output>
        </test-method> <!-- setUp -->
        <test-method status="PASS" signature="googleTitleTest(java.lang.String)[pri:0, instance:com.fdmgroup.seleniumdemo.test.TestCase2@50d0686]" name="googleTitleTest" duration-ms="1672" started-at="2020-10-22T02:59:22Z" finished-at="2020-10-22T02:59:24Z">
          <params>
            <param index="0">
              <value>
                <![CDATA[https://www.google.com]]>
              </value>
            </param>
          </params>
          <reporter-output>
          </reporter-output>
        </test-method> <!-- googleTitleTest -->
        <test-method status="PASS" signature="tearDown()[pri:0, instance:com.fdmgroup.seleniumdemo.test.TestCase2@50d0686]" name="tearDown" is-config="true" duration-ms="1199" started-at="2020-10-22T02:59:24Z" finished-at="2020-10-22T02:59:25Z">
          <reporter-output>
          </reporter-output>
        </test-method> <!-- tearDown -->
      </class> <!-- com.fdmgroup.seleniumdemo.test.TestCase2 -->
    </test> <!-- First Test -->
  </suite> <!-- Test suite -->
</testng-results>
