<?xml version="1.0" encoding="UTF-8"?>
<testng-results skipped="0" failed="0" ignored="0" total="1" passed="1">
  <reporter-output>
  </reporter-output>
  <suite name="Test suite" duration-ms="11697" started-at="2020-10-16T19:51:06Z" finished-at="2020-10-16T19:51:18Z">
    <groups>
    </groups>
    <test name="First Test" duration-ms="11697" started-at="2020-10-16T19:51:06Z" finished-at="2020-10-16T19:51:18Z">
      <class name="com.fdmgroup.seleniumdemo.test.TestCase2">
        <test-method status="PASS" signature="setUp()[pri:0, instance:com.fdmgroup.seleniumdemo.test.TestCase2@50d0686]" name="setUp" is-config="true" duration-ms="9891" started-at="2020-10-16T19:51:06Z" finished-at="2020-10-16T19:51:16Z">
          <reporter-output>
          </reporter-output>
        </test-method> <!-- setUp -->
        <test-method status="PASS" signature="googleTitleTest(java.lang.String)[pri:0, instance:com.fdmgroup.seleniumdemo.test.TestCase2@50d0686]" name="googleTitleTest" duration-ms="1027" started-at="2020-10-16T19:51:16Z" finished-at="2020-10-16T19:51:17Z">
          <params>
            <param index="0">
              <value>
                <![CDATA[https://www.google.com]]>
              </value>
            </param>
          </params>
          <reporter-output>
          </reporter-output>
        </test-method> <!-- googleTitleTest -->
        <test-method status="PASS" signature="tearDown()[pri:0, instance:com.fdmgroup.seleniumdemo.test.TestCase2@50d0686]" name="tearDown" is-config="true" duration-ms="744" started-at="2020-10-16T19:51:17Z" finished-at="2020-10-16T19:51:18Z">
          <reporter-output>
          </reporter-output>
        </test-method> <!-- tearDown -->
      </class> <!-- com.fdmgroup.seleniumdemo.test.TestCase2 -->
    </test> <!-- First Test -->
  </suite> <!-- Test suite -->
</testng-results>
